This file contains any messages produced by compilers while
running configure, to aid debugging if configure makes a mistake.

It was created by mate-terminal configure 1.24.0, which was
generated by GNU Autoconf 2.69.  Invocation command line was

  $ ./configure --enable-maintainer-mode --prefix=/usr --sysconfdir=/etc --disable-static --localstatedir=/var --with-gnu-ld

## --------- ##
## Platform. ##
## --------- ##

hostname = TorManjaro
uname -m = x86_64
uname -r = 5.5.13-1-MANJARO
uname -s = Linux
uname -v = #1 SMP PREEMPT Wed Mar 25 17:14:28 UTC 2020

/usr/bin/uname -p = unknown
/bin/uname -X     = unknown

/bin/arch              = unknown
/usr/bin/arch -k       = unknown
/usr/convex/getsysinfo = unknown
/usr/bin/hostinfo      = unknown
/bin/machine           = unknown
/usr/bin/oslevel       = unknown
/bin/universe          = unknown

PATH: /home/torma/.local/scripts
PATH: /home/torma/.gem/ruby/2.7.0/bin
PATH: /home/torma/.local/bin
PATH: /usr/local/bin
PATH: /usr/bin
PATH: /bin
PATH: /usr/local/sbin
PATH: /usr/lib/jvm/default/bin
PATH: /usr/bin/site_perl
PATH: /usr/bin/vendor_perl
PATH: /usr/bin/core_perl
PATH: /var/lib/snapd/snap/bin


## ----------- ##
## Core tests. ##
## ----------- ##

configure:2277: checking for a BSD-compatible install
configure:2345: result: /usr/bin/install -c
configure:2356: checking whether build environment is sane
configure:2411: result: yes
configure:2560: checking for a thread-safe mkdir -p
configure:2599: result: /usr/bin/mkdir -p
configure:2606: checking for gawk
configure:2622: found /usr/bin/gawk
configure:2633: result: gawk
configure:2644: checking whether make sets $(MAKE)
configure:2666: result: yes
configure:2695: checking whether make supports nested variables
configure:2712: result: yes
configure:2859: checking whether make supports nested variables
configure:2876: result: yes
configure:2892: checking whether to enable maintainer-specific portions of Makefiles
configure:2901: result: yes
configure:2929: checking whether to enable debugging
configure:2991: result: no
configure:3027: checking whether make supports the include directive
configure:3042: make -f confmf.GNU && cat confinc.out
this is the am__doit target
configure:3045: $? = 0
configure:3064: result: yes (GNU style)
configure:3134: checking for gcc
configure:3150: found /usr/bin/gcc
configure:3161: result: gcc
configure:3390: checking for C compiler version
configure:3399: gcc --version >&5
gcc (Arch Linux 9.3.0-1) 9.3.0
Copyright (C) 2019 Free Software Foundation, Inc.
This is free software; see the source for copying conditions.  There is NO
warranty; not even for MERCHANTABILITY or FITNESS FOR A PARTICULAR PURPOSE.

configure:3410: $? = 0
configure:3399: gcc -v >&5
Using built-in specs.
COLLECT_GCC=gcc
COLLECT_LTO_WRAPPER=/usr/lib/gcc/x86_64-pc-linux-gnu/9.3.0/lto-wrapper
Target: x86_64-pc-linux-gnu
Configured with: /build/gcc/src/gcc/configure --prefix=/usr --libdir=/usr/lib --libexecdir=/usr/lib --mandir=/usr/share/man --infodir=/usr/share/info --with-pkgversion='Arch Linux 9.3.0-1' --with-bugurl=https://bugs.archlinux.org/ --enable-languages=c,c++,ada,fortran,go,lto,objc,obj-c++,d --enable-shared --enable-threads=posix --with-system-zlib --with-isl --enable-__cxa_atexit --disable-libunwind-exceptions --enable-clocale=gnu --disable-libstdcxx-pch --disable-libssp --enable-gnu-unique-object --enable-linker-build-id --enable-lto --enable-plugin --enable-install-libiberty --with-linker-hash-style=gnu --enable-gnu-indirect-function --enable-multilib --disable-werror --enable-checking=release --enable-default-pie --enable-default-ssp --enable-cet=auto gdc_include_dir=/usr/include/dlang/gdc
Thread model: posix
gcc version 9.3.0 (Arch Linux 9.3.0-1) 
configure:3410: $? = 0
configure:3399: gcc -V >&5
gcc: error: unrecognized command line option '-V'
gcc: fatal error: no input files
compilation terminated.
configure:3410: $? = 1
configure:3399: gcc -qversion >&5
gcc: error: unrecognized command line option '-qversion'; did you mean '--version'?
gcc: fatal error: no input files
compilation terminated.
configure:3410: $? = 1
configure:3430: checking whether the C compiler works
configure:3452: gcc    conftest.c  >&5
configure:3456: $? = 0
configure:3504: result: yes
configure:3507: checking for C compiler default output file name
configure:3509: result: a.out
configure:3515: checking for suffix of executables
configure:3522: gcc -o conftest    conftest.c  >&5
configure:3526: $? = 0
configure:3548: result: 
configure:3570: checking whether we are cross compiling
configure:3578: gcc -o conftest    conftest.c  >&5
configure:3582: $? = 0
configure:3589: ./conftest
configure:3593: $? = 0
configure:3581: result: no
configure:3586: checking for suffix of object files
configure:3608: gcc -c   conftest.c >&5
configure:3612: $? = 0
configure:3633: result: o
configure:3637: checking whether we are using the GNU C compiler
configure:3656: gcc -c   conftest.c >&5
configure:3656: $? = 0
configure:3665: result: yes
configure:3674: checking whether gcc accepts -g
configure:3694: gcc -c -g  conftest.c >&5
configure:3694: $? = 0
configure:3735: result: yes
configure:3752: checking for gcc option to accept ISO C89
configure:3815: gcc  -c   conftest.c >&5
configure:3815: $? = 0
configure:3828: result: none needed
configure:3853: checking whether gcc understands -c and -o together
configure:3875: gcc -c conftest.c -o conftest2.o
configure:3878: $? = 0
configure:3875: gcc -c conftest.c -o conftest2.o
configure:3878: $? = 0
configure:3890: result: yes
configure:3909: checking dependency style of gcc
configure:4020: result: gcc3
configure:4083: checking whether C compiler accepts -Werror=unknown-warning-option
configure:4102: gcc -c   -Werror=unknown-warning-option  conftest.c >&5
cc1: error: '-Werror=unknown-warning-option': no option -Wunknown-warning-option
configure:4102: $? = 1
configure: failed program was:
| /* confdefs.h */
| #define PACKAGE_NAME "mate-terminal"
| #define PACKAGE_TARNAME "mate-terminal"
| #define PACKAGE_VERSION "1.24.0"
| #define PACKAGE_STRING "mate-terminal 1.24.0"
| #define PACKAGE_BUGREPORT "https://github.com/mate-desktop/mate-terminal/issues"
| #define PACKAGE_URL "https://mate-desktop.org"
| #define PACKAGE "mate-terminal"
| #define VERSION "1.24.0"
| #define NDEBUG 1
| /* end confdefs.h.  */
| 
| int
| main ()
| {
| 
|   ;
|   return 0;
| }
configure:4110: result: no
configure:4125: checking whether C compiler accepts -Wall
configure:4144: gcc -c   -Wall  conftest.c >&5
configure:4144: $? = 0
configure:4153: result: yes
configure:4180: : WARN_CFLAGS="$WARN_CFLAGS"
configure:4183: $? = 0
configure:4125: checking whether C compiler accepts -Wmissing-prototypes
configure:4144: gcc -c   -Wmissing-prototypes  conftest.c >&5
configure:4144: $? = 0
configure:4153: result: yes
configure:4169: : WARN_CFLAGS="$WARN_CFLAGS"
configure:4172: $? = 0
configure:4194: checking flags to pass to the C compiler gcc
configure:4196: result: -Wall -Wmissing-prototypes
configure:4214: checking how to run the C preprocessor
configure:4245: gcc -E  conftest.c
configure:4245: $? = 0
configure:4259: gcc -E  conftest.c
conftest.c:12:10: fatal error: ac_nonexistent.h: No such file or directory
   12 | #include <ac_nonexistent.h>
      |          ^~~~~~~~~~~~~~~~~~
compilation terminated.
configure:4259: $? = 1
configure: failed program was:
| /* confdefs.h */
| #define PACKAGE_NAME "mate-terminal"
| #define PACKAGE_TARNAME "mate-terminal"
| #define PACKAGE_VERSION "1.24.0"
| #define PACKAGE_STRING "mate-terminal 1.24.0"
| #define PACKAGE_BUGREPORT "https://github.com/mate-desktop/mate-terminal/issues"
| #define PACKAGE_URL "https://mate-desktop.org"
| #define PACKAGE "mate-terminal"
| #define VERSION "1.24.0"
| #define NDEBUG 1
| /* end confdefs.h.  */
| #include <ac_nonexistent.h>
configure:4284: result: gcc -E
configure:4304: gcc -E  conftest.c
configure:4304: $? = 0
configure:4318: gcc -E  conftest.c
conftest.c:12:10: fatal error: ac_nonexistent.h: No such file or directory
   12 | #include <ac_nonexistent.h>
      |          ^~~~~~~~~~~~~~~~~~
compilation terminated.
configure:4318: $? = 1
configure: failed program was:
| /* confdefs.h */
| #define PACKAGE_NAME "mate-terminal"
| #define PACKAGE_TARNAME "mate-terminal"
| #define PACKAGE_VERSION "1.24.0"
| #define PACKAGE_STRING "mate-terminal 1.24.0"
| #define PACKAGE_BUGREPORT "https://github.com/mate-desktop/mate-terminal/issues"
| #define PACKAGE_URL "https://mate-desktop.org"
| #define PACKAGE "mate-terminal"
| #define VERSION "1.24.0"
| #define NDEBUG 1
| /* end confdefs.h.  */
| #include <ac_nonexistent.h>
configure:4347: checking for grep that handles long lines and -e
configure:4405: result: /usr/bin/grep
configure:4410: checking for egrep
configure:4472: result: /usr/bin/grep -E
configure:4477: checking for ANSI C header files
configure:4497: gcc -c   conftest.c >&5
configure:4497: $? = 0
configure:4570: gcc -o conftest    conftest.c  >&5
configure:4570: $? = 0
configure:4570: ./conftest
configure:4570: $? = 0
configure:4581: result: yes
configure:4594: checking for sys/types.h
configure:4594: gcc -c   conftest.c >&5
configure:4594: $? = 0
configure:4594: result: yes
configure:4594: checking for sys/stat.h
configure:4594: gcc -c   conftest.c >&5
configure:4594: $? = 0
configure:4594: result: yes
configure:4594: checking for stdlib.h
configure:4594: gcc -c   conftest.c >&5
configure:4594: $? = 0
configure:4594: result: yes
configure:4594: checking for string.h
configure:4594: gcc -c   conftest.c >&5
configure:4594: $? = 0
configure:4594: result: yes
configure:4594: checking for memory.h
configure:4594: gcc -c   conftest.c >&5
configure:4594: $? = 0
configure:4594: result: yes
configure:4594: checking for strings.h
configure:4594: gcc -c   conftest.c >&5
configure:4594: $? = 0
configure:4594: result: yes
configure:4594: checking for inttypes.h
configure:4594: gcc -c   conftest.c >&5
configure:4594: $? = 0
configure:4594: result: yes
configure:4594: checking for stdint.h
configure:4594: gcc -c   conftest.c >&5
configure:4594: $? = 0
configure:4594: result: yes
configure:4594: checking for unistd.h
configure:4594: gcc -c   conftest.c >&5
configure:4594: $? = 0
configure:4594: result: yes
configure:4606: checking whether byte ordering is bigendian
configure:4621: gcc -c   conftest.c >&5
conftest.c:23:9: error: unknown type name 'not'
   23 |         not a universal capable compiler
      |         ^~~
conftest.c:23:15: error: expected '=', ',', ';', 'asm' or '__attribute__' before 'universal'
   23 |         not a universal capable compiler
      |               ^~~~~~~~~
conftest.c:23:15: error: unknown type name 'universal'
configure:4621: $? = 1
configure: failed program was:
| /* confdefs.h */
| #define PACKAGE_NAME "mate-terminal"
| #define PACKAGE_TARNAME "mate-terminal"
| #define PACKAGE_VERSION "1.24.0"
| #define PACKAGE_STRING "mate-terminal 1.24.0"
| #define PACKAGE_BUGREPORT "https://github.com/mate-desktop/mate-terminal/issues"
| #define PACKAGE_URL "https://mate-desktop.org"
| #define PACKAGE "mate-terminal"
| #define VERSION "1.24.0"
| #define NDEBUG 1
| #define STDC_HEADERS 1
| #define HAVE_SYS_TYPES_H 1
| #define HAVE_SYS_STAT_H 1
| #define HAVE_STDLIB_H 1
| #define HAVE_STRING_H 1
| #define HAVE_MEMORY_H 1
| #define HAVE_STRINGS_H 1
| #define HAVE_INTTYPES_H 1
| #define HAVE_STDINT_H 1
| #define HAVE_UNISTD_H 1
| /* end confdefs.h.  */
| #ifndef __APPLE_CC__
| 	       not a universal capable compiler
| 	     #endif
| 	     typedef int dummy;
| 
configure:4666: gcc -c   conftest.c >&5
configure:4666: $? = 0
configure:4684: gcc -c   conftest.c >&5
conftest.c: In function 'main':
conftest.c:29:4: error: unknown type name 'not'; did you mean 'ino_t'?
   29 |    not big endian
      |    ^~~
      |    ino_t
conftest.c:29:12: error: expected '=', ',', ';', 'asm' or '__attribute__' before 'endian'
   29 |    not big endian
      |            ^~~~~~
configure:4684: $? = 1
configure: failed program was:
| /* confdefs.h */
| #define PACKAGE_NAME "mate-terminal"
| #define PACKAGE_TARNAME "mate-terminal"
| #define PACKAGE_VERSION "1.24.0"
| #define PACKAGE_STRING "mate-terminal 1.24.0"
| #define PACKAGE_BUGREPORT "https://github.com/mate-desktop/mate-terminal/issues"
| #define PACKAGE_URL "https://mate-desktop.org"
| #define PACKAGE "mate-terminal"
| #define VERSION "1.24.0"
| #define NDEBUG 1
| #define STDC_HEADERS 1
| #define HAVE_SYS_TYPES_H 1
| #define HAVE_SYS_STAT_H 1
| #define HAVE_STDLIB_H 1
| #define HAVE_STRING_H 1
| #define HAVE_MEMORY_H 1
| #define HAVE_STRINGS_H 1
| #define HAVE_INTTYPES_H 1
| #define HAVE_STDINT_H 1
| #define HAVE_UNISTD_H 1
| /* end confdefs.h.  */
| #include <sys/types.h>
| 		#include <sys/param.h>
| 
| int
| main ()
| {
| #if BYTE_ORDER != BIG_ENDIAN
| 		 not big endian
| 		#endif
| 
|   ;
|   return 0;
| }
configure:4812: result: no
configure:4885: checking for pkg-config
configure:4903: found /usr/bin/pkg-config
configure:4915: result: /usr/bin/pkg-config
configure:4940: checking pkg-config is at least version 0.9.0
configure:4943: result: yes
configure:4999: checking for gcc
configure:5026: result: gcc
configure:5255: checking for C compiler version
configure:5264: gcc --version >&5
gcc (Arch Linux 9.3.0-1) 9.3.0
Copyright (C) 2019 Free Software Foundation, Inc.
This is free software; see the source for copying conditions.  There is NO
warranty; not even for MERCHANTABILITY or FITNESS FOR A PARTICULAR PURPOSE.

configure:5275: $? = 0
configure:5264: gcc -v >&5
Using built-in specs.
COLLECT_GCC=gcc
COLLECT_LTO_WRAPPER=/usr/lib/gcc/x86_64-pc-linux-gnu/9.3.0/lto-wrapper
Target: x86_64-pc-linux-gnu
Configured with: /build/gcc/src/gcc/configure --prefix=/usr --libdir=/usr/lib --libexecdir=/usr/lib --mandir=/usr/share/man --infodir=/usr/share/info --with-pkgversion='Arch Linux 9.3.0-1' --with-bugurl=https://bugs.archlinux.org/ --enable-languages=c,c++,ada,fortran,go,lto,objc,obj-c++,d --enable-shared --enable-threads=posix --with-system-zlib --with-isl --enable-__cxa_atexit --disable-libunwind-exceptions --enable-clocale=gnu --disable-libstdcxx-pch --disable-libssp --enable-gnu-unique-object --enable-linker-build-id --enable-lto --enable-plugin --enable-install-libiberty --with-linker-hash-style=gnu --enable-gnu-indirect-function --enable-multilib --disable-werror --enable-checking=release --enable-default-pie --enable-default-ssp --enable-cet=auto gdc_include_dir=/usr/include/dlang/gdc
Thread model: posix
gcc version 9.3.0 (Arch Linux 9.3.0-1) 
configure:5275: $? = 0
configure:5264: gcc -V >&5
gcc: error: unrecognized command line option '-V'
gcc: fatal error: no input files
compilation terminated.
configure:5275: $? = 1
configure:5264: gcc -qversion >&5
gcc: error: unrecognized command line option '-qversion'; did you mean '--version'?
gcc: fatal error: no input files
compilation terminated.
configure:5275: $? = 1
configure:5279: checking whether we are using the GNU C compiler
configure:5307: result: yes
configure:5316: checking whether gcc accepts -g
configure:5377: result: yes
configure:5394: checking for gcc option to accept ISO C89
configure:5470: result: none needed
configure:5495: checking whether gcc understands -c and -o together
configure:5532: result: yes
configure:5551: checking dependency style of gcc
configure:5662: result: gcc3
configure:5677: checking for ANSI C header files
configure:5781: result: yes
configure:5818: checking build system type
configure:5832: result: x86_64-pc-linux-gnu
configure:5852: checking host system type
configure:5865: result: x86_64-pc-linux-gnu
configure:5906: checking how to print strings
configure:5933: result: printf
configure:5954: checking for a sed that does not truncate output
configure:6018: result: /usr/bin/sed
configure:6036: checking for fgrep
configure:6098: result: /usr/bin/grep -F
configure:6133: checking for ld used by gcc
configure:6200: result: /usr/bin/ld
configure:6207: checking if the linker (/usr/bin/ld) is GNU ld
configure:6222: result: yes
configure:6234: checking for BSD- or MS-compatible name lister (nm)
configure:6288: result: /usr/bin/nm -B
configure:6418: checking the name lister (/usr/bin/nm -B) interface
configure:6425: gcc -c   conftest.c >&5
configure:6428: /usr/bin/nm -B "conftest.o"
configure:6431: output
0000000000000000 B some_variable
configure:6432: result: BSD nm
configure:6435: checking whether ln -s works
configure:6439: result: yes
configure:6447: checking the maximum length of command line arguments
configure:6578: result: 1572864
configure:6626: checking how to convert x86_64-pc-linux-gnu file names to x86_64-pc-linux-gnu format
configure:6666: result: func_convert_file_noop
configure:6673: checking how to convert x86_64-pc-linux-gnu file names to toolchain format
configure:6693: result: func_convert_file_noop
configure:6700: checking for /usr/bin/ld option to reload object files
configure:6707: result: -r
configure:6781: checking for objdump
configure:6797: found /usr/bin/objdump
configure:6808: result: objdump
configure:6840: checking how to recognize dependent libraries
configure:7040: result: pass_all
configure:7125: checking for dlltool
configure:7155: result: no
configure:7185: checking how to associate runtime and link libraries
configure:7212: result: printf %s\n
configure:7272: checking for ar
configure:7288: found /usr/bin/ar
configure:7299: result: ar
configure:7352: checking for archiver @FILE support
configure:7369: gcc -c   conftest.c >&5
configure:7369: $? = 0
configure:7372: ar cr libconftest.a @conftest.lst >&5
configure:7375: $? = 0
configure:7380: ar cr libconftest.a @conftest.lst >&5
ar: conftest.o: No such file or directory
configure:7383: $? = 1
configure:7382: result: @
configure:7440: checking for strip
configure:7456: found /usr/bin/strip
configure:7467: result: strip
configure:7539: checking for ranlib
configure:7555: found /usr/bin/ranlib
configure:7566: result: ranlib
configure:7668: checking command to parse /usr/bin/nm -B output from gcc object
configure:7821: gcc -c   conftest.c >&5
configure:7824: $? = 0
configure:7828: /usr/bin/nm -B conftest.o \| sed -n -e 's/^.*[ ]\([ABCDGIRSTW][ABCDGIRSTW]*\)[ ][ ]*\([_A-Za-z][_A-Za-z0-9]*\)$/\1 \2 \2/p' | sed '/ __gnu_lto/d' \> conftest.nm
configure:7831: $? = 0
configure:7897: gcc -o conftest    conftest.c conftstm.o >&5
configure:7900: $? = 0
configure:7938: result: ok
configure:7985: checking for sysroot
configure:8015: result: no
configure:8022: checking for a working dd
configure:8060: result: /usr/bin/dd
configure:8064: checking how to truncate binary pipes
configure:8079: result: /usr/bin/dd bs=4096 count=1
configure:8215: gcc -c   conftest.c >&5
configure:8218: $? = 0
configure:8408: checking for mt
configure:8438: result: no
configure:8458: checking if : is a manifest tool
configure:8464: : '-?'
configure:8472: result: no
configure:9146: checking for dlfcn.h
configure:9146: gcc -c   conftest.c >&5
configure:9146: $? = 0
configure:9146: result: yes
configure:9402: checking for objdir
configure:9417: result: .libs
configure:9681: checking if gcc supports -fno-rtti -fno-exceptions
configure:9699: gcc -c   -fno-rtti -fno-exceptions conftest.c >&5
cc1: warning: command line option '-fno-rtti' is valid for C++/D/ObjC++ but not for C
configure:9703: $? = 0
configure:9716: result: no
configure:10074: checking for gcc option to produce PIC
configure:10081: result: -fPIC -DPIC
configure:10089: checking if gcc PIC flag -fPIC -DPIC works
configure:10107: gcc -c   -fPIC -DPIC -DPIC conftest.c >&5
configure:10111: $? = 0
configure:10124: result: yes
configure:10153: checking if gcc static flag -static works
configure:10181: result: yes
configure:10196: checking if gcc supports -c -o file.o
configure:10217: gcc -c   -o out/conftest2.o conftest.c >&5
configure:10221: $? = 0
configure:10243: result: yes
configure:10251: checking if gcc supports -c -o file.o
configure:10298: result: yes
configure:10331: checking whether the gcc linker (/usr/bin/ld -m elf_x86_64) supports shared libraries
configure:11592: result: yes
configure:11629: checking whether -lc should be explicitly linked in
configure:11637: gcc -c   conftest.c >&5
configure:11640: $? = 0
configure:11655: gcc -shared  -fPIC -DPIC conftest.o  -v -Wl,-soname -Wl,conftest -o conftest 2\>\&1 \| /usr/bin/grep  -lc  \>/dev/null 2\>\&1
configure:11658: $? = 0
configure:11672: result: no
configure:11832: checking dynamic linker characteristics
configure:12413: gcc -o conftest    -Wl,-rpath -Wl,/foo conftest.c  >&5
configure:12413: $? = 0
configure:12650: result: GNU/Linux ld.so
configure:12772: checking how to hardcode library paths into programs
configure:12797: result: immediate
configure:13345: checking whether stripping libraries is possible
configure:13354: result: yes
configure:13396: checking if libtool supports shared libraries
configure:13398: result: yes
configure:13401: checking whether to build shared libraries
configure:13426: result: yes
configure:13429: checking whether to build static libraries
configure:13433: result: no
configure:10258: checking for TERM
configure:10271: $PKG_CONFIG --exists --print-errors "vte-2.91 >= $VTE_REQUIRED
   glib-2.0 >= $GLIB_REQUIRED
   gthread-2.0
   gio-2.0 >= $GIO_REQUIRED
   gtk+-3.0 >= $GTK_REQUIRED
   dconf >= $DCONF_REQUIRED
   x11"
configure:10280: $? = 0
configure:10306: $PKG_CONFIG --exists --print-errors "vte-2.91 >= $VTE_REQUIRED
   glib-2.0 >= $GLIB_REQUIRED
   gthread-2.0
   gio-2.0 >= $GIO_REQUIRED
   gtk+-3.0 >= $GTK_REQUIRED
   dconf >= $DCONF_REQUIRED
   x11"
configure:10315: $? = 0
configure:10397: result: yes
configure:10408: checking for SMCLIENT
configure:10415: $PKG_CONFIG --exists --print-errors "sm >= 1.0.0"
configure:10418: $? = 0
configure:10432: $PKG_CONFIG --exists --print-errors "sm >= 1.0.0"
configure:10435: $? = 0
configure:10493: result: yes
configure:10572: checking for pkg-config
configure:10602: result: /usr/bin/pkg-config
configure:10627: checking pkg-config is at least version 0.16
configure:10630: result: yes
configure:10646: $PKG_CONFIG --exists --print-errors "gio-2.0"
configure:10649: $? = 0
configure:10772: checking for glib-compile-resources
configure:10790: found /usr/bin/glib-compile-resources
configure:10802: result: /usr/bin/glib-compile-resources
configure:10820: checking for xmllint
configure:10838: found /usr/bin/xmllint
configure:10850: result: /usr/bin/xmllint
configure:10866: checking whether to enable s/key support
configure:10875: result: yes
configure:10932: checking for itstool
configure:10948: found /usr/bin/itstool
configure:10959: result: itstool
configure:10974: checking for xmllint
configure:11001: result: /usr/bin/xmllint
configure:11192: checking whether NLS is requested
configure:11201: result: yes
configure:11241: checking for msgfmt
configure: trying /usr/bin/msgfmt...
0 translated messages.
configure:11273: result: /usr/bin/msgfmt
configure:11282: checking for gmsgfmt
configure:11313: result: /usr/bin/msgfmt
configure:11358: checking for xgettext
configure: trying /usr/bin/xgettext...
/usr/bin/xgettext: warning: file '/dev/null' extension '' is unknown; will try C
configure:11390: result: /usr/bin/xgettext
configure:11435: checking for msgmerge
configure: trying /usr/bin/msgmerge...
configure:11466: result: /usr/bin/msgmerge
configure:11530: checking for ld
configure:11658: result: /usr/bin/ld -m elf_x86_64
configure:11665: checking if the linker (/usr/bin/ld -m elf_x86_64) is GNU ld
configure:11680: result: yes
configure:11687: checking for shared library run path origin
configure:11700: result: done
configure:11721: checking 32-bit host C ABI
configure:11759: gcc -c   conftest.c >&5
configure:11759: $? = 0
configure:11946: result: no
configure:11983: checking for the common suffixes of directories in the library search path
configure:12034: result: lib,lib
configure:12527: checking for CFPreferencesCopyAppValue
configure:12545: gcc -o conftest    conftest.c  -Wl,-framework -Wl,CoreFoundation >&5
conftest.c:26:10: fatal error: CoreFoundation/CFPreferences.h: No such file or directory
   26 | #include <CoreFoundation/CFPreferences.h>
      |          ^~~~~~~~~~~~~~~~~~~~~~~~~~~~~~~~
compilation terminated.
configure:12545: $? = 1
configure: failed program was:
| /* confdefs.h */
| #define PACKAGE_NAME "mate-terminal"
| #define PACKAGE_TARNAME "mate-terminal"
| #define PACKAGE_VERSION "1.24.0"
| #define PACKAGE_STRING "mate-terminal 1.24.0"
| #define PACKAGE_BUGREPORT "https://github.com/mate-desktop/mate-terminal/issues"
| #define PACKAGE_URL "https://mate-desktop.org"
| #define PACKAGE "mate-terminal"
| #define VERSION "1.24.0"
| #define NDEBUG 1
| #define STDC_HEADERS 1
| #define HAVE_SYS_TYPES_H 1
| #define HAVE_SYS_STAT_H 1
| #define HAVE_STDLIB_H 1
| #define HAVE_STRING_H 1
| #define HAVE_MEMORY_H 1
| #define HAVE_STRINGS_H 1
| #define HAVE_INTTYPES_H 1
| #define HAVE_STDINT_H 1
| #define HAVE_UNISTD_H 1
| #define STDC_HEADERS 1
| #define HAVE_DLFCN_H 1
| #define LT_OBJDIR ".libs/"
| #define ENABLE_SKEY 1
| /* end confdefs.h.  */
| #include <CoreFoundation/CFPreferences.h>
| int
| main ()
| {
| CFPreferencesCopyAppValue(NULL, NULL)
|   ;
|   return 0;
| }
configure:12554: result: no
configure:12561: checking for CFLocaleCopyCurrent
configure:12579: gcc -o conftest    conftest.c  -Wl,-framework -Wl,CoreFoundation >&5
conftest.c:26:10: fatal error: CoreFoundation/CFLocale.h: No such file or directory
   26 | #include <CoreFoundation/CFLocale.h>
      |          ^~~~~~~~~~~~~~~~~~~~~~~~~~~
compilation terminated.
configure:12579: $? = 1
configure: failed program was:
| /* confdefs.h */
| #define PACKAGE_NAME "mate-terminal"
| #define PACKAGE_TARNAME "mate-terminal"
| #define PACKAGE_VERSION "1.24.0"
| #define PACKAGE_STRING "mate-terminal 1.24.0"
| #define PACKAGE_BUGREPORT "https://github.com/mate-desktop/mate-terminal/issues"
| #define PACKAGE_URL "https://mate-desktop.org"
| #define PACKAGE "mate-terminal"
| #define VERSION "1.24.0"
| #define NDEBUG 1
| #define STDC_HEADERS 1
| #define HAVE_SYS_TYPES_H 1
| #define HAVE_SYS_STAT_H 1
| #define HAVE_STDLIB_H 1
| #define HAVE_STRING_H 1
| #define HAVE_MEMORY_H 1
| #define HAVE_STRINGS_H 1
| #define HAVE_INTTYPES_H 1
| #define HAVE_STDINT_H 1
| #define HAVE_UNISTD_H 1
| #define STDC_HEADERS 1
| #define HAVE_DLFCN_H 1
| #define LT_OBJDIR ".libs/"
| #define ENABLE_SKEY 1
| /* end confdefs.h.  */
| #include <CoreFoundation/CFLocale.h>
| int
| main ()
| {
| CFLocaleCopyCurrent();
|   ;
|   return 0;
| }
configure:12588: result: no
configure:12595: checking for CFLocaleCopyPreferredLanguages
configure:12613: gcc -o conftest    conftest.c  -Wl,-framework -Wl,CoreFoundation >&5
conftest.c:26:10: fatal error: CoreFoundation/CFLocale.h: No such file or directory
   26 | #include <CoreFoundation/CFLocale.h>
      |          ^~~~~~~~~~~~~~~~~~~~~~~~~~~
compilation terminated.
configure:12613: $? = 1
configure: failed program was:
| /* confdefs.h */
| #define PACKAGE_NAME "mate-terminal"
| #define PACKAGE_TARNAME "mate-terminal"
| #define PACKAGE_VERSION "1.24.0"
| #define PACKAGE_STRING "mate-terminal 1.24.0"
| #define PACKAGE_BUGREPORT "https://github.com/mate-desktop/mate-terminal/issues"
| #define PACKAGE_URL "https://mate-desktop.org"
| #define PACKAGE "mate-terminal"
| #define VERSION "1.24.0"
| #define NDEBUG 1
| #define STDC_HEADERS 1
| #define HAVE_SYS_TYPES_H 1
| #define HAVE_SYS_STAT_H 1
| #define HAVE_STDLIB_H 1
| #define HAVE_STRING_H 1
| #define HAVE_MEMORY_H 1
| #define HAVE_STRINGS_H 1
| #define HAVE_INTTYPES_H 1
| #define HAVE_STDINT_H 1
| #define HAVE_UNISTD_H 1
| #define STDC_HEADERS 1
| #define HAVE_DLFCN_H 1
| #define LT_OBJDIR ".libs/"
| #define ENABLE_SKEY 1
| /* end confdefs.h.  */
| #include <CoreFoundation/CFLocale.h>
| int
| main ()
| {
| CFLocaleCopyPreferredLanguages();
|   ;
|   return 0;
| }
configure:12622: result: no
configure:12673: checking for GNU gettext in libc
configure:12702: gcc -o conftest    conftest.c  >&5
configure:12702: $? = 0
configure:12711: result: yes
configure:13568: checking whether to use NLS
configure:13570: result: yes
configure:13573: checking where the gettext function comes from
configure:13584: result: libc
configure:13759: checking that generated files are newer than configure
configure:13765: result: done
configure:13801: creating ./config.status

## ---------------------- ##
## Running config.status. ##
## ---------------------- ##

This file was extended by mate-terminal config.status 1.24.0, which was
generated by GNU Autoconf 2.69.  Invocation command line was

  CONFIG_FILES    = 
  CONFIG_HEADERS  = 
  CONFIG_LINKS    = 
  CONFIG_COMMANDS = 
  $ ./config.status 

on TorManjaro

config.status:1365: creating Makefile
config.status:1365: creating mate-terminal.desktop.in
config.status:1365: creating src/Makefile
config.status:1365: creating src/org.mate.terminal.gschema.xml
config.status:1365: creating src/terminal-version.h
config.status:1365: creating help/Makefile
config.status:1365: creating po/Makefile.in
config.status:1365: creating src/skey/Makefile
config.status:1365: creating config.h
config.status:1594: executing depfiles commands
config.status:1671: cd src       && sed -e '/# am--include-marker/d' Makefile         | make -f - am--depfiles
config.status:1676: $? = 0
config.status:1671: cd src/skey       && sed -e '/# am--include-marker/d' Makefile         | make -f - am--depfiles
config.status:1676: $? = 0
config.status:1594: executing libtool commands
config.status:1594: executing po-directories commands

## ---------------- ##
## Cache variables. ##
## ---------------- ##

ac_cv_build=x86_64-pc-linux-gnu
ac_cv_c_bigendian=no
ac_cv_c_compiler_gnu=yes
ac_cv_env_CC_set=
ac_cv_env_CC_value=
ac_cv_env_CFLAGS_set=
ac_cv_env_CFLAGS_value=
ac_cv_env_CPPFLAGS_set=
ac_cv_env_CPPFLAGS_value=
ac_cv_env_CPP_set=
ac_cv_env_CPP_value=
ac_cv_env_GLIB_COMPILE_RESOURCES_set=
ac_cv_env_GLIB_COMPILE_RESOURCES_value=
ac_cv_env_GLIB_COMPILE_SCHEMAS_set=
ac_cv_env_GLIB_COMPILE_SCHEMAS_value=
ac_cv_env_ITSTOOL_set=
ac_cv_env_ITSTOOL_value=
ac_cv_env_LDFLAGS_set=
ac_cv_env_LDFLAGS_value=
ac_cv_env_LIBS_set=
ac_cv_env_LIBS_value=
ac_cv_env_LT_SYS_LIBRARY_PATH_set=
ac_cv_env_LT_SYS_LIBRARY_PATH_value=
ac_cv_env_PKG_CONFIG_LIBDIR_set=
ac_cv_env_PKG_CONFIG_LIBDIR_value=
ac_cv_env_PKG_CONFIG_PATH_set=
ac_cv_env_PKG_CONFIG_PATH_value=
ac_cv_env_PKG_CONFIG_set=
ac_cv_env_PKG_CONFIG_value=
ac_cv_env_SMCLIENT_CFLAGS_set=
ac_cv_env_SMCLIENT_CFLAGS_value=
ac_cv_env_SMCLIENT_LIBS_set=
ac_cv_env_SMCLIENT_LIBS_value=
ac_cv_env_TERM_CFLAGS_set=
ac_cv_env_TERM_CFLAGS_value=
ac_cv_env_TERM_LIBS_set=
ac_cv_env_TERM_LIBS_value=
ac_cv_env_XMLLINT_set=
ac_cv_env_XMLLINT_value=
ac_cv_env_build_alias_set=
ac_cv_env_build_alias_value=
ac_cv_env_host_alias_set=
ac_cv_env_host_alias_value=
ac_cv_env_target_alias_set=
ac_cv_env_target_alias_value=
ac_cv_header_dlfcn_h=yes
ac_cv_header_inttypes_h=yes
ac_cv_header_memory_h=yes
ac_cv_header_stdc=yes
ac_cv_header_stdint_h=yes
ac_cv_header_stdlib_h=yes
ac_cv_header_string_h=yes
ac_cv_header_strings_h=yes
ac_cv_header_sys_stat_h=yes
ac_cv_header_sys_types_h=yes
ac_cv_header_unistd_h=yes
ac_cv_host=x86_64-pc-linux-gnu
ac_cv_objext=o
ac_cv_path_EGREP='/usr/bin/grep -E'
ac_cv_path_FGREP='/usr/bin/grep -F'
ac_cv_path_GLIB_COMPILE_RESOURCES=/usr/bin/glib-compile-resources
ac_cv_path_GMSGFMT=/usr/bin/msgfmt
ac_cv_path_GREP=/usr/bin/grep
ac_cv_path_MSGFMT=/usr/bin/msgfmt
ac_cv_path_MSGMERGE=/usr/bin/msgmerge
ac_cv_path_SED=/usr/bin/sed
ac_cv_path_XGETTEXT=/usr/bin/xgettext
ac_cv_path_XMLLINT=/usr/bin/xmllint
ac_cv_path_ac_pt_PKG_CONFIG=/usr/bin/pkg-config
ac_cv_path_install='/usr/bin/install -c'
ac_cv_path_lt_DD=/usr/bin/dd
ac_cv_path_mkdir=/usr/bin/mkdir
ac_cv_prog_AWK=gawk
ac_cv_prog_CPP='gcc -E'
ac_cv_prog_ITSTOOL=itstool
ac_cv_prog_XMLLINT=/usr/bin/xmllint
ac_cv_prog_ac_ct_AR=ar
ac_cv_prog_ac_ct_CC=gcc
ac_cv_prog_ac_ct_OBJDUMP=objdump
ac_cv_prog_ac_ct_RANLIB=ranlib
ac_cv_prog_ac_ct_STRIP=strip
ac_cv_prog_cc_c89=
ac_cv_prog_cc_g=yes
ac_cv_prog_make_make_set=yes
acl_cv_hardcode_direct=no
acl_cv_hardcode_libdir_flag_spec='${wl}-rpath ${wl}$libdir'
acl_cv_hardcode_libdir_separator=
acl_cv_hardcode_minus_L=no
acl_cv_libdirstems=lib,lib
acl_cv_libext=a
acl_cv_libname_spec='lib$name'
acl_cv_library_names_spec='$libname$shrext'
acl_cv_prog_gnu_ld=yes
acl_cv_rpath=done
acl_cv_shlibext=so
acl_cv_wl=-Wl,
am_cv_CC_dependencies_compiler_type=gcc3
am_cv_make_support_nested_variables=yes
am_cv_prog_cc_c_o=yes
ax_cv_check_cflags__Wall=yes
ax_cv_check_cflags__Wmissing_prototypes=yes
ax_cv_check_cflags___Werror_unknown_warning_option=no
gl_cv_host_cpu_c_abi_32bit=no
gt_cv_func_CFLocaleCopyCurrent=no
gt_cv_func_CFLocaleCopyPreferredLanguages=no
gt_cv_func_CFPreferencesCopyAppValue=no
gt_cv_func_gnugettext1_libc=yes
lt_cv_ar_at_file=@
lt_cv_archive_cmds_need_lc=no
lt_cv_deplibs_check_method=pass_all
lt_cv_file_magic_cmd='$MAGIC_CMD'
lt_cv_file_magic_test_file=
lt_cv_ld_reload_flag=-r
lt_cv_nm_interface='BSD nm'
lt_cv_objdir=.libs
lt_cv_path_LD=/usr/bin/ld
lt_cv_path_NM='/usr/bin/nm -B'
lt_cv_path_mainfest_tool=no
lt_cv_prog_compiler_c_o=yes
lt_cv_prog_compiler_pic='-fPIC -DPIC'
lt_cv_prog_compiler_pic_works=yes
lt_cv_prog_compiler_rtti_exceptions=no
lt_cv_prog_compiler_static_works=yes
lt_cv_prog_gnu_ld=yes
lt_cv_sharedlib_from_linklib_cmd='printf %s\n'
lt_cv_shlibpath_overrides_runpath=no
lt_cv_sys_global_symbol_pipe='sed -n -e '\''s/^.*[	 ]\([ABCDGIRSTW][ABCDGIRSTW]*\)[	 ][	 ]*\([_A-Za-z][_A-Za-z0-9]*\)$/\1 \2 \2/p'\'' | sed '\''/ __gnu_lto/d'\'''
lt_cv_sys_global_symbol_to_c_name_address='sed -n -e '\''s/^: \(.*\) .*$/  {"\1", (void *) 0},/p'\'' -e '\''s/^[ABCDGIRSTW][ABCDGIRSTW]* .* \(.*\)$/  {"\1", (void *) \&\1},/p'\'''
lt_cv_sys_global_symbol_to_c_name_address_lib_prefix='sed -n -e '\''s/^: \(.*\) .*$/  {"\1", (void *) 0},/p'\'' -e '\''s/^[ABCDGIRSTW][ABCDGIRSTW]* .* \(lib.*\)$/  {"\1", (void *) \&\1},/p'\'' -e '\''s/^[ABCDGIRSTW][ABCDGIRSTW]* .* \(.*\)$/  {"lib\1", (void *) \&\1},/p'\'''
lt_cv_sys_global_symbol_to_cdecl='sed -n -e '\''s/^T .* \(.*\)$/extern int \1();/p'\'' -e '\''s/^[ABCDGIRSTW][ABCDGIRSTW]* .* \(.*\)$/extern char \1;/p'\'''
lt_cv_sys_global_symbol_to_import=
lt_cv_sys_max_cmd_len=1572864
lt_cv_to_host_file_cmd=func_convert_file_noop
lt_cv_to_tool_file_cmd=func_convert_file_noop
lt_cv_truncate_bin='/usr/bin/dd bs=4096 count=1'
pkg_cv_GLIB_COMPILE_SCHEMAS=/usr/bin/glib-compile-schemas
pkg_cv_SMCLIENT_CFLAGS=
pkg_cv_SMCLIENT_LIBS='-lSM '
pkg_cv_TERM_CFLAGS='-I/usr/include/vte-2.91 -I/usr/include/glib-2.0 -I/usr/lib/glib-2.0/include -I/usr/lib/libffi-3.2.1/include -I/usr/include/libmount -I/usr/include/blkid -I/usr/include/pango-1.0 -I/usr/include/harfbuzz -I/usr/include/fribidi -I/usr/include/freetype2 -I/usr/include/libpng16 -I/usr/include/uuid -I/usr/include/cairo -I/usr/include/pixman-1 -I/usr/include/gtk-3.0 -I/usr/include/gdk-pixbuf-2.0 -I/usr/include/gio-unix-2.0 -I/usr/include/atk-1.0 -I/usr/include/at-spi2-atk/2.0 -I/usr/include/dbus-1.0 -I/usr/lib/dbus-1.0/include -I/usr/include/at-spi-2.0 -I/usr/include/dconf -pthread '
pkg_cv_TERM_LIBS='-lvte-2.91 -lgthread-2.0 -pthread -lglib-2.0 -lgtk-3 -lgdk-3 -lz -lpangocairo-1.0 -lpango-1.0 -lharfbuzz -latk-1.0 -lcairo-gobject -lcairo -lgdk_pixbuf-2.0 -ldconf -lgio-2.0 -lgobject-2.0 -lglib-2.0 -lX11 '

## ----------------- ##
## Output variables. ##
## ----------------- ##

























		$(INSTALL_DATA) $^ "$(DESTDIR)$(gsettingsschemadir)"; \
		test -n "$(GSETTINGS_DISABLE_SCHEMAS_COMPILE)$(DESTDIR)" || $(GLIB_COMPILE_SCHEMAS) $(gsettingsschemadir); \
		test -z "$(gsettingsschemadir)" || $(MKDIR_P) "$(DESTDIR)$(gsettingsschemadir)"; \
	        $(LN_S) -f "$(HELP_DIR)/C/$(HELP_ID)/$$f" "$$helpdir$$f" || exit 1; \
	        echo "$(LN_S) -f $(HELP_DIR)/C/$(HELP_ID)/$$f $$helpdir$$f"; \
	      $(INSTALL_DATA) "$$d$$lc/$$f" "$$helpdir$$f" || exit 1; \
	      echo "$(INSTALL_DATA) $$d$$lc/$$f $$helpdir$$f"; \
	      fi; \
	      if test "x$(YELP_LC_MEDIA_LINKS)" != "x"; then \
	    $(ITSTOOL) -o "$(notdir $@).tmp" $(_HELP_C_FILES) && \
	    $(ITSTOOL) -o "$(notdir $@).tmp" $(_HELP_C_FILES) && \
	    $(XMLLINT) --nonet --noout --noent --path "$$xmlpath" --xinclude "$$d$$lc/$$page"; \
	    cp -p "$$d$$lc/$$file" "$(distdir)/$$lc/" || exit 1; \
	    d="$(srcdir)/"; \
	    echo "$(XMLLINT) --nonet --noout --noent --path $$xmlpath --xinclude $$d$$lc/$$page"; \
	    echo "rm -f $$helpdir$$f"; \
	    elif test "x$$lc" != "xC"; then \
	    fi; \
	    helpdir="$(DESTDIR)$(HELP_DIR)/$$lc/$(HELP_ID)/"; \
	    helpdir="$(DESTDIR)$(HELP_DIR)/$$lc/$(HELP_ID)/"; \
	    if ! test -d "$$helpdir$$mdir"; then $(mkinstalldirs) "$$helpdir$$mdir"; fi; \
	    if test "x$mdir" = "x."; then mdir=""; fi; \
	    if test -f "$$d$$lc/$$f"; then \
	    if test -f "$$lc$$f"; then d=; else d="$(srcdir)/"; fi; \
	    if test -f "$$lc/$$file"; then d=./; else d=$(srcdir)/; fi; \
	    mdir=`dirname "$$f"`; \
	    msgmerge -o "$(notdir $@)" "$(notdir $@)" "$(notdir $@).tmp" && \
	    mv "$(notdir $@).tmp" "$(notdir $@)"); \
	    rm "$(notdir $@).tmp"); \
	    rm -f "$$helpdir$$f"; \
	    then d=; \
	    xmlpath="$$lc"; \
	    xmlpath="$$lc:$(srcdir)/$$lc"; \
	  $(INSTALL_DATA) "$$d$$f" "$$helpdir`basename $$f`" || exit 1; \
	  $(INSTALL_DATA) "$$d$$lc/$$f" "$$helpdir`basename $$f`" || exit 1; \
	  $(MKDIR_P) "$(distdir)/$$lc"; \
	  $(mkinstalldirs) "$(DESTDIR)$(HELP_DIR)/$$lc/$(HELP_ID)" || exit 1; \
	  (cd "$(dir $@)" && \
	  (cd "$(dir $@)" && \
	  done; \
	  done; \
	  done; \
	  done; \
	  echo "$(INSTALL_DATA) $$d$$f $$helpdir`basename $$f`"; \
	  echo "$(INSTALL_DATA) $$d$$lc/$$f $$helpdir`basename $$f`"; \
	  echo "rm -f $$helpdir`basename $$f`"; \
	  echo "rm -f $$helpdir`basename $$f`"; \
	  else \
	  fi; \
	  for file in $(HELP_FILES); do \
	  for lc in C $(_HELP_LINGUAS); do \
	  for lc in C $(_HELP_LINGUAS); do \
	  for page in $(HELP_FILES); do \
	  helpdir="$(DESTDIR)$(HELP_DIR)/$$lc/$(HELP_ID)/"; \
	  helpdir="$(DESTDIR)$(HELP_DIR)/$$lc/$(HELP_ID)/"; \
	  helpdir="$(DESTDIR)$(HELP_DIR)/$$lc/$(HELP_ID)/"; \
	  helpdir="$(DESTDIR)$(HELP_DIR)/$$lc/$(HELP_ID)/"; \
	  if ! test -d "$$helpdir"; then $(mkinstalldirs) "$$helpdir"; fi; \
	  if ! test -d "$$helpdir"; then $(mkinstalldirs) "$$helpdir"; fi; \
	  if test "x$(_HELP_V)" = "x0"; then echo "  GEN    $${po}"; fi; \
	  if test -d "$$lc"; \
	  if test -f "$$f"; then d=; else d="$(srcdir)/"; fi; \
	  if test -f "$$lc/$$f"; then d=; else d="$(srcdir)/"; fi; \
	  lc=`dirname "$$f"`; lc=`basename "$$lc"`; \
	  lc=`dirname "$$f"`; lc=`basename "$$lc"`; \
	  msgmerge -q -o "$${po}" "$${po}" "$(_HELP_POTFILE)"; \
	  rm -f "$$helpdir`basename $$f`"; \
	  rm -f "$$helpdir`basename $$f`"; \
	$(AM_V_GEN) $(GLIB_COMPILE_SCHEMAS) --strict --dry-run $(addprefix --schema-file=,$(gsettings__enum_file)) --schema-file=$< && mkdir -p $(@D) && touch $@
	$(AM_V_GEN) glib-mkenums --comments '\''<!-- @comment@ -->'\'' --fhead "<schemalist>" --vhead "  <@type@ id='\''$(gsettings_ENUM_NAMESPACE).@EnumName@'\''>" --vprod "    <value nick='\''@valuenick@'\'' value='\''@valuenum@'\''/>" --vtail "  </@type@>" --ftail "</schemalist>" $^ > $@.tmp && mv $@.tmp $@
	$(AM_V_GEN)if ! test -f "$@"; then \
	$(AM_V_GEN)if test -d "C"; then d=; else d="$(srcdir)/"; fi; \
	$(AM_V_GEN)msgfmt -o "$@" "$<"
	$(AM_V_at)for po in $(_HELP_POFILES); do \
	$(AM_V_at)if ! test -d "$(dir $@)"; then mkdir "$(dir $@)"; fi
	$(AM_V_at)if ! test -d "$(dir $@)"; then mkdir "$(dir $@)"; fi
	$(AM_V_at)if ! test -d "$(dir $@)"; then mkdir "$(dir $@)"; fi
	$(AM_V_at)if test ! -f "$@" -a -f "$(srcdir)/$@"; then cp "$(srcdir)/$@" "$@"; fi
	$(ITSTOOL) -o "$@" $(foreach f,$(_HELP_C_FILES),"$${d}$(f)")
	$(_HELP_LC_VERBOSE)if test -d "C"; then d="../"; else d="$(abs_srcdir)/"; fi; \
	(cd "$(dir $@)" && $(ITSTOOL) -m "$${mo}" $(foreach f,$(_HELP_C_FILES),$${d}/$(f))) && \
	@$(NORMAL_INSTALL)
	@$(NORMAL_UNINSTALL)
	@for f in $(HELP_MEDIA); do \
	@for f in $(HELP_MEDIA); do \
	@for f in $(_HELP_C_EXTRA); do \
	@for f in $(_HELP_C_EXTRA); do \
	@for lc in C $(_HELP_LINGUAS); do \
	@for lc in C $(_HELP_LINGUAS); do for f in $(HELP_FILES); do \
	@for lc in C $(if $(YELP_LC_DIST),$(HELP_LINGUAS)) ; do \
	@list='\''$(gsettings_SCHEMAS) $(gsettings__enum_file)'\''; test -n "$(gsettingsschemadir)" || list=; \
	cd "$(DESTDIR)$(gsettingsschemadir)" && rm -f $$files
	done
	done
	done
	done
	done
	done
	done;
	done; \
	done; done
	done; done
	echo " ( cd '\''$(DESTDIR)$(gsettingsschemadir)'\'' && rm -f" $$files ")"; \
	else \
	fi
	fi
	files=`for p in $$list; do echo $$p; done | sed -e '\''s|^.*/||'\''`; \
	for lc in C $(_HELP_LINGUAS); do \
	for lc in C $(_HELP_LINGUAS); do for f in $(HELP_FILES); do \
	if test -f "$${mo}"; then mo="../$${mo}"; else mo="$(abs_srcdir)/$${mo}"; fi; \
	if test -n "$^"; then \
	mo="$(dir $@)$(patsubst %/$(notdir $@),%,$@).mo"; \
	rm -f $(_HELP_LC_FILES) $(_HELP_LC_STAMPS) $(_HELP_MOFILES)
	rm -f $(gsettings_SCHEMAS:.xml=.valid) $(gsettings__enum_file)
	test -n "$$files" || exit 0; \
	test -n "$(GSETTINGS_DISABLE_SCHEMAS_COMPILE)$(DESTDIR)" || $(GLIB_COMPILE_SCHEMAS) $(gsettingsschemadir)
	touch "$@"
$(_HELP_LC_FILES): $(_HELP_LINGUAS)
$(_HELP_LC_STAMPS): $(_HELP_C_FILES) $(_HELP_C_EXTRA)
$(_HELP_LC_STAMPS): %.stamp: %.mo
$(_HELP_LINGUAS): $(_HELP_LC_STAMPS)
$(_HELP_MOFILES): %.mo: %.po
$(_HELP_POFILES):
$(_HELP_POTFILE): $(_HELP_C_FILES) $(_HELP_C_EXTRA) $(_HELP_C_MEDIA)
$(gsettings__enum_file): $(gsettings_ENUM_FILES)
%.gschema.valid: %.gschema.xml $(gsettings__enum_file)
'
.PHONY : uninstall-gsettings-schemas install-gsettings-schemas clean-gsettings-schemas
.PHONY: check-help
.PHONY: clean-help
.PHONY: install-help
.PHONY: pot
.PHONY: repo
.PHONY: uninstall-help
.SECONDARY: $(gsettings_SCHEMAS)
ACLOCAL='${SHELL} /home/torma/Git/mate-terminal/missing aclocal-1.16'
ACLOCAL_AMFLAGS='${ACLOCAL_FLAGS}'
AMDEPBACKSLASH='\'
AMDEP_FALSE='#'
AMDEP_TRUE=''
AMTAR='$${TAR-tar}'
AM_BACKSLASH='\'
AM_DEFAULT_V='$(AM_DEFAULT_VERBOSITY)'
AM_DEFAULT_VERBOSITY='0'
AM_V='$(V)'
AR='ar'
AUTOCONF='${SHELL} /home/torma/Git/mate-terminal/missing autoconf'
AUTOHEADER='${SHELL} /home/torma/Git/mate-terminal/missing autoheader'
AUTOMAKE='${SHELL} /home/torma/Git/mate-terminal/missing automake-1.16'
AWK='gawk'
CC='gcc'
CCDEPMODE='depmode=gcc3'
CFLAGS=''
CPP='gcc -E'
CPPFLAGS=''
CYGPATH_W='echo'
DEFS='-DHAVE_CONFIG_H'
DEPDIR='.deps'
DLLTOOL='false'
DSYMUTIL=''
DUMPBIN=''
ECHO_C=''
ECHO_N='-n'
ECHO_T=''
EGREP='/usr/bin/grep -E'
ENABLE_SKEY_FALSE='#'
ENABLE_SKEY_TRUE=''
EXEEXT=''
EXTRA_DIST += $(_HELP_C_EXTRA) $(_HELP_C_MEDIA)
EXTRA_DIST += $(foreach f,$(HELP_MEDIA),$(foreach lc,$(HELP_LINGUAS),$(wildcard $(lc)/$(f))))
EXTRA_DIST += $(foreach lc,$(HELP_LINGUAS),$(lc)/$(lc).po)
EXTRA_DIST += $(if $(YELP_LC_DIST),$(foreach lc,$(HELP_LINGUAS),$(lc)/$(lc).stamp))
EXTRA_DIST ?=
FGREP='/usr/bin/grep -F'
GETTEXT_MACRO_VERSION='0.20'
GETTEXT_PACKAGE='mate-terminal'
GLIB_COMPILE_RESOURCES='/usr/bin/glib-compile-resources'
GLIB_COMPILE_SCHEMAS='/usr/bin/glib-compile-schemas'
GLIB_GENMARSHAL='/usr/bin/glib-genmarshal'
GLIB_MKENUMS='/usr/bin/glib-mkenums'
GMSGFMT='/usr/bin/msgfmt'
GMSGFMT_015='/usr/bin/msgfmt'
GREP='/usr/bin/grep'
GSETTINGS_DISABLE_SCHEMAS_COMPILE=''
GSETTINGS_RULES='
HELP_DIR='${datadir}/help'
HELP_EXTRA ?=
HELP_FILES ?=
HELP_ID ?=
HELP_LINGUAS ?=
HELP_MEDIA ?=
HELP_POT ?=
INSTALL_DATA='${INSTALL} -m 644'
INSTALL_PROGRAM='${INSTALL}'
INSTALL_SCRIPT='${INSTALL}'
INSTALL_STRIP_PROGRAM='$(install_sh) -c -s'
INTLLIBS=''
INTL_MACOSX_LIBS=''
ITSTOOL='itstool'
LD='/usr/bin/ld -m elf_x86_64'
LDFLAGS=''
LIBICONV='-liconv'
LIBINTL=''
LIBOBJS=''
LIBS=''
LIBTOOL='$(SHELL) $(top_builddir)/libtool'
LIPO=''
LN_S='ln -s'
LTLIBICONV='-liconv'
LTLIBINTL=''
LTLIBOBJS=''
LT_SYS_LIBRARY_PATH=''
MAINT=''
MAINTAINER_MODE_FALSE='#'
MAINTAINER_MODE_TRUE=''
MAKEINFO='${SHELL} /home/torma/Git/mate-terminal/missing makeinfo'
MANIFEST_TOOL=':'
MKDIR_P='/usr/bin/mkdir -p'
MSGFMT='/usr/bin/msgfmt'
MSGMERGE='/usr/bin/msgmerge'
MSGMERGE_FOR_MSGFMT_OPTION='--for-msgfmt'
NM='/usr/bin/nm -B'
NMEDIT=''
OBJDUMP='objdump'
OBJEXT='o'
OTOOL64=''
OTOOL=''
PACKAGE='mate-terminal'
PACKAGE_BUGREPORT='https://github.com/mate-desktop/mate-terminal/issues'
PACKAGE_NAME='mate-terminal'
PACKAGE_STRING='mate-terminal 1.24.0'
PACKAGE_TARNAME='mate-terminal'
PACKAGE_URL='https://mate-desktop.org'
PACKAGE_VERSION='1.24.0'
PATH_SEPARATOR=':'
PKG_CONFIG='/usr/bin/pkg-config'
PKG_CONFIG_LIBDIR=''
PKG_CONFIG_PATH=''
POSUB='po'
RANLIB='ranlib'
SED='/usr/bin/sed'
SET_MAKE=''
SHELL='/bin/sh'
SMCLIENT_CFLAGS=''
SMCLIENT_LIBS='-lSM '
STRIP='strip'
TERMINAL_API_VERSION='0'
TERMINAL_MAJOR_VERSION='1'
TERMINAL_MICRO_VERSION='0'
TERMINAL_MINOR_VERSION='24'
TERM_CFLAGS='-I/usr/include/vte-2.91 -I/usr/include/glib-2.0 -I/usr/lib/glib-2.0/include -I/usr/lib/libffi-3.2.1/include -I/usr/include/libmount -I/usr/include/blkid -I/usr/include/pango-1.0 -I/usr/include/harfbuzz -I/usr/include/fribidi -I/usr/include/freetype2 -I/usr/include/libpng16 -I/usr/include/uuid -I/usr/include/cairo -I/usr/include/pixman-1 -I/usr/include/gtk-3.0 -I/usr/include/gdk-pixbuf-2.0 -I/usr/include/gio-unix-2.0 -I/usr/include/atk-1.0 -I/usr/include/at-spi2-atk/2.0 -I/usr/include/dbus-1.0 -I/usr/lib/dbus-1.0/include -I/usr/include/at-spi-2.0 -I/usr/include/dconf -pthread '
TERM_LIBS='-lvte-2.91 -lgthread-2.0 -pthread -lglib-2.0 -lgtk-3 -lgdk-3 -lz -lpangocairo-1.0 -lpango-1.0 -lharfbuzz -latk-1.0 -lcairo-gobject -lcairo -lgdk_pixbuf-2.0 -ldconf -lgio-2.0 -lgobject-2.0 -lglib-2.0 -lX11 '
USE_NLS='yes'
VERSION='1.24.0'
WARN_CFLAGS='-Wall -Wmissing-prototypes'
XGETTEXT='/usr/bin/xgettext'
XGETTEXT_015='/usr/bin/xgettext'
XGETTEXT_EXTRA_OPTIONS=''
XMLLINT='/usr/bin/xmllint'
YELP_HELP_RULES='
YELP_LC_DIST='true'
YELP_LC_MEDIA_LINKS='true'
_HELP_C_EXTRA = $(foreach f,$(HELP_EXTRA),C/$(f))
_HELP_C_FILES = $(foreach f,$(HELP_FILES),C/$(f))
_HELP_C_MEDIA = $(foreach f,$(HELP_MEDIA),C/$(f))
_HELP_DEFAULT_V = $(if $(AM_DEFAULT_VERBOSITY),$(AM_DEFAULT_VERBOSITY),1)
_HELP_LC_FILES = $(foreach lc,$(_HELP_LINGUAS),$(foreach f,$(HELP_FILES),$(lc)/$(f)))
_HELP_LC_STAMPS = $(foreach lc,$(_HELP_LINGUAS),$(lc)/$(lc).stamp)
_HELP_LC_VERBOSE = $(_HELP_LC_VERBOSE_$(_HELP_V))
_HELP_LC_VERBOSE_ = $(_HELP_LC_VERBOSE_$(_HELP_DEFAULT_V))
_HELP_LC_VERBOSE_0 = @echo "  GEN    "$(dir $@);
_HELP_LINGUAS = $(if $(filter environment,$(origin LINGUAS)),$(filter $(LINGUAS),$(HELP_LINGUAS)),$(HELP_LINGUAS))
_HELP_MOFILES = $(patsubst %.po,%.mo,$(_HELP_POFILES))
_HELP_POFILES = $(if $(HELP_ID),$(foreach lc,$(_HELP_LINGUAS),$(lc)/$(lc).po))
_HELP_POTFILE = $(if $(HELP_POT),$(HELP_POT),$(if $(HELP_ID),$(HELP_ID).pot))
_HELP_V = $(if $(V),$(V),$(_HELP_DEFAULT_V))
ac_ct_AR='ar'
ac_ct_CC='gcc'
ac_ct_DUMPBIN=''
all-am: $(gsettings_SCHEMAS:.xml=.valid)
all: $(_HELP_C_FILES) $(_HELP_C_EXTRA) $(_HELP_C_MEDIA) $(_HELP_LC_FILES) $(_HELP_POFILES)
am__EXEEXT_FALSE=''
am__EXEEXT_TRUE='#'
am__fastdepCC_FALSE='#'
am__fastdepCC_TRUE=''
am__include='include'
am__isrc=''
am__leading_dot='.'
am__nodep='_no'
am__quote=''
am__tar='$${TAR-tar} chof - "$$tardir"'
am__untar='$${TAR-tar} xf -'
bindir='${exec_prefix}/bin'
build='x86_64-pc-linux-gnu'
build_alias=''
build_cpu='x86_64'
build_os='linux-gnu'
build_vendor='pc'
check-help:
check: check-help
clean-gsettings-schemas:
clean-help:
datadir='${datarootdir}'
datarootdir='${prefix}/share'
distdir-help-files: $(_HELP_LC_FILES)
distdir: distdir-help-files
docdir='${datarootdir}/doc/${PACKAGE_TARNAME}'
dvidir='${docdir}'
endif'
exec_prefix='${prefix}'
gsettings__enum_file = $(addsuffix .enums.xml,$(gsettings_ENUM_NAMESPACE))
gsettingsschemadir='${datarootdir}/glib-2.0/schemas'
host='x86_64-pc-linux-gnu'
host_alias=''
host_cpu='x86_64'
host_os='linux-gnu'
host_vendor='pc'
htmldir='${docdir}'
ifdef gsettings_ENUM_NAMESPACE
includedir='${prefix}/include'
infodir='${datarootdir}/info'
install-data-am: $(if $(HELP_ID),install-help)
install-data-am: install-gsettings-schemas
install-gsettings-schemas: $(gsettings_SCHEMAS) $(gsettings__enum_file)
install-help: $(_HELP_LC_FILES)
install_sh='${SHELL} /home/torma/Git/mate-terminal/install-sh'
libdir='${exec_prefix}/lib'
libexecdir='${exec_prefix}/libexec'
localedir='${datarootdir}/locale'
localstatedir='/var'
mandir='${datarootdir}/man'
mkdir_p='$(MKDIR_P)'
mostlyclean-am: $(if $(HELP_ID),clean-help)
mostlyclean-am: clean-gsettings-schemas
oldincludedir='/usr/include'
pdfdir='${docdir}'
pot: $(_HELP_POTFILE)
prefix='/usr'
program_transform_name='s,x,x,'
psdir='${docdir}'
repo: $(_HELP_POTFILE)
sbindir='${exec_prefix}/sbin'
sharedstatedir='${prefix}/com'
sysconfdir='/etc'
target_alias=''
uninstall-am: $(if $(HELP_ID),uninstall-help)
uninstall-am: uninstall-gsettings-schemas
uninstall-gsettings-schemas:
uninstall-help:

## ----------- ##
## confdefs.h. ##
## ----------- ##

/* confdefs.h */
#define PACKAGE_NAME "mate-terminal"
#define PACKAGE_TARNAME "mate-terminal"
#define PACKAGE_VERSION "1.24.0"
#define PACKAGE_STRING "mate-terminal 1.24.0"
#define PACKAGE_BUGREPORT "https://github.com/mate-desktop/mate-terminal/issues"
#define PACKAGE_URL "https://mate-desktop.org"
#define PACKAGE "mate-terminal"
#define VERSION "1.24.0"
#define NDEBUG 1
#define STDC_HEADERS 1
#define HAVE_SYS_TYPES_H 1
#define HAVE_SYS_STAT_H 1
#define HAVE_STDLIB_H 1
#define HAVE_STRING_H 1
#define HAVE_MEMORY_H 1
#define HAVE_STRINGS_H 1
#define HAVE_INTTYPES_H 1
#define HAVE_STDINT_H 1
#define HAVE_UNISTD_H 1
#define STDC_HEADERS 1
#define HAVE_DLFCN_H 1
#define LT_OBJDIR ".libs/"
#define ENABLE_SKEY 1
#define ENABLE_NLS 1
#define HAVE_GETTEXT 1
#define HAVE_DCGETTEXT 1
#define GETTEXT_PACKAGE "mate-terminal"

configure: exit 0
